<?xml version="1.0" encoding="UTF-8"?>
<!-- Generated by org.testng.reporters.JUnitReportReporter -->
<testsuite hostname="DESKTOP-L4CO7MT" failures="0" tests="2" name="com.vTiger.testcases.TestScript8" time="78.212" errors="0" timestamp="2020-06-09T22:42:21 IST" skipped="0">
  <testcase classname="com.vTiger.testcases.TestScript8" name="createVendorsTest2" time="38.532"/>
  <testcase classname="com.vTiger.testcases.TestScript8" name="createVendorsTest1" time="39.680"/>
</testsuite> <!-- com.vTiger.testcases.TestScript8 -->
