<?xml version="1.0" encoding="UTF-8"?>
<!-- Generated by org.testng.reporters.JUnitReportReporter -->
<testsuite hostname="DESKTOP-L4CO7MT" failures="0" tests="1" name="com.vTiger.testcases.TestScript6" time="57.435" errors="0" timestamp="2020-06-09T22:38:08 IST" skipped="0">
  <testcase classname="com.vTiger.testcases.TestScript6" name="createProductTest2" time="57.435"/>
</testsuite> <!-- com.vTiger.testcases.TestScript6 -->
