<?xml version="1.0" encoding="UTF-8"?>
<!-- Generated by org.testng.reporters.JUnitReportReporter -->
<testsuite hostname="DESKTOP-L4CO7MT" failures="0" tests="2" name="com.vTiger.testcases.TestScript10" time="69.124" errors="0" timestamp="2020-06-09T22:46:23 IST" skipped="0">
  <testcase classname="com.vTiger.testcases.TestScript10" name="createOrganisationTest" time="34.262"/>
  <testcase classname="com.vTiger.testcases.TestScript10" name="createOrganisationTest" time="34.862"/>
</testsuite> <!-- com.vTiger.testcases.TestScript10 -->
