<?xml version="1.0" encoding="UTF-8"?>
<!-- Generated by org.testng.reporters.JUnitReportReporter -->
<testsuite hostname="DESKTOP-L4CO7MT" failures="0" tests="2" name="com.vTiger.testcases.TestScript1" time="118.341" errors="0" timestamp="2020-06-09T14:31:20 IST" skipped="0">
  <testcase classname="com.vTiger.testcases.TestScript1" name="createOrganisationTest1" time="77.567"/>
  <testcase classname="com.vTiger.testcases.TestScript1" name="createOrganisationTest2" time="40.774"/>
</testsuite> <!-- com.vTiger.testcases.TestScript1 -->
