<?xml version="1.0" encoding="UTF-8"?>
<!-- Generated by org.testng.reporters.JUnitReportReporter -->
<testsuite hostname="DESKTOP-L4CO7MT" failures="0" tests="2" name="com.vTiger.testcases.TestScript9" time="77.514" errors="0" timestamp="2020-06-09T22:44:08 IST" skipped="0">
  <testcase classname="com.vTiger.testcases.TestScript9" name="createVendorsTest4" time="38.477"/>
  <testcase classname="com.vTiger.testcases.TestScript9" name="createVendorsTest3" time="39.037"/>
</testsuite> <!-- com.vTiger.testcases.TestScript9 -->
