<?xml version="1.0" encoding="UTF-8"?>
<!-- Generated by org.testng.reporters.JUnitReportReporter -->
<testsuite hostname="DESKTOP-L4CO7MT" failures="0" tests="1" name="com.SastaSundar.Ts1" time="17.948" errors="0" timestamp="2020-06-16T21:40:09 IST" skipped="0">
  <testcase classname="com.SastaSundar.Ts1" name="test" time="17.948"/>
</testsuite> <!-- com.SastaSundar.Ts1 -->
