<?xml version="1.0" encoding="UTF-8"?>
<!-- Generated by org.testng.reporters.JUnitReportReporter -->
<testsuite hostname="DESKTOP-L4CO7MT" failures="0" tests="1" name="com.Sasta.EditDnavitaHealthProfileTest" time="103.703" errors="0" timestamp="2020-06-17T03:54:59 IST" skipped="0">
  <testcase classname="com.Sasta.EditDnavitaHealthProfileTest" name="EditTest" time="103.703"/>
</testsuite> <!-- com.Sasta.EditDnavitaHealthProfileTest -->
