<?xml version="1.0" encoding="UTF-8"?>
<!-- Generated by org.testng.reporters.JUnitReportReporter -->
<testsuite hostname="DESKTOP-L4CO7MT" failures="0" tests="1" name="com.Sasta.Ts1" time="25.110" errors="0" timestamp="2020-06-16T23:46:10 IST" skipped="0">
  <testcase classname="com.Sasta.Ts1" name="test" time="25.110"/>
</testsuite> <!-- com.Sasta.Ts1 -->
