<?xml version="1.0" encoding="UTF-8"?>
<!-- Generated by org.testng.reporters.JUnitReportReporter -->
<testsuite hostname="DESKTOP-L4CO7MT" failures="0" tests="2" name="com.vTiger.testcases.TestScript7" time="81.609" errors="0" timestamp="2020-06-09T22:40:00 IST" skipped="0">
  <testcase classname="com.vTiger.testcases.TestScript7" name="createProductTest3" time="46.286"/>
  <testcase classname="com.vTiger.testcases.TestScript7" name="createProductTest4" time="35.323"/>
</testsuite> <!-- com.vTiger.testcases.TestScript7 -->
