<?xml version="1.0" encoding="UTF-8"?>
<!-- Generated by org.testng.reporters.JUnitReportReporter -->
<testsuite hostname="DESKTOP-L4CO7MT" failures="0" tests="1" name="com.vTiger.testcases.TestScript2" time="89.368" errors="0" timestamp="2020-06-09T22:10:11 IST" skipped="0">
  <testcase classname="com.vTiger.testcases.TestScript2" name="createContactsTest1" time="89.368"/>
</testsuite> <!-- com.vTiger.testcases.TestScript2 -->
