<?xml version="1.0" encoding="UTF-8"?>
<!-- Generated by org.testng.reporters.JUnitReportReporter -->
<testsuite hostname="DESKTOP-L4CO7MT" failures="0" tests="2" name="com.vTiger.testcases.TestScript4" time="104.925" errors="0" timestamp="2020-06-09T22:30:00 IST" skipped="0">
  <testcase classname="com.vTiger.testcases.TestScript4" name="createContactsTest3" time="61.417"/>
  <testcase classname="com.vTiger.testcases.TestScript4" name="createContactsTest4" time="43.508"/>
</testsuite> <!-- com.vTiger.testcases.TestScript4 -->
