<?xml version="1.0" encoding="UTF-8"?>
<!-- Generated by org.testng.reporters.JUnitReportReporter -->
<testsuite hostname="DESKTOP-L4CO7MT" failures="0" tests="1" name="com.vTiger.testcases.TestScript3" time="80.547" errors="0" timestamp="2020-06-09T22:25:22 IST" skipped="0">
  <testcase classname="com.vTiger.testcases.TestScript3" name="createContactsTest2" time="80.547"/>
</testsuite> <!-- com.vTiger.testcases.TestScript3 -->
